<?xml version="1.0" encoding="UTF-8" ?>
<testsuite errors="0" failures="0" hostname="borkivets" name="com.nixsolutions.MyJunitTestsForStringBuilder" skipped="0" tests="10" time="0.075" timestamp="2015-11-05T10:03:25">
  <properties>
[...]
</properties>
  <testcase classname="com.nixsolutions.MyJunitTestsForStringBuilder" name="checkReturningSubString" time="0.003" />
  <testcase classname="com.nixsolutions.MyJunitTestsForStringBuilder" name="checkReplacingByNewString" time="0.0" />
  <testcase classname="com.nixsolutions.MyJunitTestsForStringBuilder" name="checkThrowingIndexOutOfBoundsEx" time="0.001" />
  <testcase classname="com.nixsolutions.MyJunitTestsForStringBuilder" name="checkMakingReverse" time="0.0" />
  <testcase classname="com.nixsolutions.MyJunitTestsForStringBuilder" name="checkReturningLength" time="0.0" />
  <testcase classname="com.nixsolutions.MyJunitTestsForStringBuilder" name="checkConcatinatingThreeStrings" time="0.0" />
  <testcase classname="com.nixsolutions.MyJunitTestsForStringBuilder" name="ckeckRemovingCharAtIndex" time="0.0" />
  <testcase classname="com.nixsolutions.MyJunitTestsForStringBuilder" name="checkConcatinationStringAndNumber" time="0.001" />
  <testcase classname="com.nixsolutions.MyJunitTestsForStringBuilder" name="checkThatObjectIsNotNullAfterInit" time="0.0" />
  <testcase classname="com.nixsolutions.MyJunitTestsForStringBuilder" name="checkReturningCharAtIndex" time="0.0" />
  <system-out><![CDATA[]]></system-out>
  <system-err><![CDATA[]]></system-err>
</testsuite>
