<?xml version="1.0" encoding="UTF-8" ?>
<testsuite errors="0" failures="0" hostname="paryshev" name="com.nixsolutions.Test01" skipped="0" tests="1" time="0.132" timestamp="2015-10-28T09:36:10">
  <properties>
[...]
</properties>
  <testcase classname="com.nixsolutions.Test01" name="robotShouldMoveAccordingToInputCommandLineAndFinalCoordinatesShouldBeValid" time="0.072" />
  <system-out><![CDATA[0;1
0;2
1;2
1;3
1;2
1;1
1;0
]]></system-out>
  <system-err><![CDATA[]]></system-err>
</testsuite>
